To honour the JVM settings for this build a single-use Daemon process will be forked. For more on this, please refer to https://docs.gradle.org/8.14.3/userguide/gradle_daemon.html#sec:disabling_the_daemon in the Gradle documentation.
Daemon will be stopped at the end of the build 
> Task :gradle-plugin:shared:checkKotlinGradlePluginConfigurationErrors SKIPPED
> Task :gradle-plugin:settings-plugin:checkKotlinGradlePluginConfigurationErrors SKIPPED
> Task :expo-gradle-plugin:expo-autolinking-settings-plugin:checkKotlinGradlePluginConfigurationErrors SKIPPED
> Task :expo-gradle-plugin:expo-autolinking-plugin-shared:checkKotlinGradlePluginConfigurationErrors SKIPPED
> Task :gradle-plugin:settings-plugin:pluginDescriptors UP-TO-DATE
> Task :expo-gradle-plugin:expo-autolinking-settings-plugin:pluginDescriptors UP-TO-DATE
> Task :gradle-plugin:settings-plugin:processResources UP-TO-DATE
> Task :expo-gradle-plugin:expo-autolinking-settings-plugin:processResources UP-TO-DATE
> Task :gradle-plugin:shared:compileKotlin UP-TO-DATE
> Task :expo-gradle-plugin:expo-autolinking-plugin-shared:compileKotlin UP-TO-DATE
> Task :gradle-plugin:shared:compileJava NO-SOURCE
> Task :expo-gradle-plugin:expo-autolinking-plugin-shared:compileJava NO-SOURCE
> Task :gradle-plugin:shared:processResources NO-SOURCE
> Task :expo-gradle-plugin:expo-autolinking-plugin-shared:processResources NO-SOURCE
> Task :expo-gradle-plugin:expo-autolinking-plugin-shared:classes UP-TO-DATE
> Task :gradle-plugin:shared:classes UP-TO-DATE
> Task :gradle-plugin:shared:jar UP-TO-DATE
> Task :expo-gradle-plugin:expo-autolinking-plugin-shared:jar UP-TO-DATE
> Task :gradle-plugin:settings-plugin:compileKotlin UP-TO-DATE
> Task :gradle-plugin:settings-plugin:compileJava NO-SOURCE
> Task :gradle-plugin:settings-plugin:classes UP-TO-DATE
> Task :gradle-plugin:settings-plugin:jar UP-TO-DATE
> Task :expo-gradle-plugin:expo-autolinking-settings-plugin:compileKotlin UP-TO-DATE
> Task :expo-gradle-plugin:expo-autolinking-settings-plugin:compileJava NO-SOURCE
> Task :expo-gradle-plugin:expo-autolinking-settings-plugin:classes UP-TO-DATE
> Task :expo-gradle-plugin:expo-autolinking-settings-plugin:jar UP-TO-DATE
> Task :expo-gradle-plugin:expo-autolinking-plugin:checkKotlinGradlePluginConfigurationErrors SKIPPED
> Task :expo-dev-launcher-gradle-plugin:checkKotlinGradlePluginConfigurationErrors SKIPPED
> Task :expo-module-gradle-plugin:checkKotlinGradlePluginConfigurationErrors SKIPPED
> Task :gradle-plugin:react-native-gradle-plugin:checkKotlinGradlePluginConfigurationErrors SKIPPED
> Task :expo-dev-launcher-gradle-plugin:pluginDescriptors UP-TO-DATE
> Task :expo-module-gradle-plugin:pluginDescriptors UP-TO-DATE
> Task :expo-dev-launcher-gradle-plugin:processResources UP-TO-DATE
> Task :expo-module-gradle-plugin:processResources UP-TO-DATE
> Task :expo-gradle-plugin:expo-autolinking-plugin:compileKotlin UP-TO-DATE
> Task :expo-gradle-plugin:expo-autolinking-plugin:compileJava NO-SOURCE
> Task :expo-gradle-plugin:expo-autolinking-plugin:pluginDescriptors UP-TO-DATE
> Task :expo-gradle-plugin:expo-autolinking-plugin:processResources UP-TO-DATE
> Task :expo-gradle-plugin:expo-autolinking-plugin:classes UP-TO-DATE
> Task :expo-gradle-plugin:expo-autolinking-plugin:jar UP-TO-DATE
> Task :gradle-plugin:react-native-gradle-plugin:compileKotlin UP-TO-DATE
> Task :gradle-plugin:react-native-gradle-plugin:compileJava NO-SOURCE
> Task :gradle-plugin:react-native-gradle-plugin:pluginDescriptors UP-TO-DATE
> Task :gradle-plugin:react-native-gradle-plugin:processResources UP-TO-DATE
> Task :gradle-plugin:react-native-gradle-plugin:classes UP-TO-DATE
> Task :gradle-plugin:react-native-gradle-plugin:jar UP-TO-DATE
> Task :expo-dev-launcher-gradle-plugin:compileKotlin UP-TO-DATE
> Task :expo-dev-launcher-gradle-plugin:compileJava NO-SOURCE
> Task :expo-dev-launcher-gradle-plugin:classes UP-TO-DATE
> Task :expo-dev-launcher-gradle-plugin:jar UP-TO-DATE
> Task :expo-module-gradle-plugin:compileKotlin UP-TO-DATE
> Task :expo-module-gradle-plugin:compileJava NO-SOURCE
> Task :expo-module-gradle-plugin:classes UP-TO-DATE
> Task :expo-module-gradle-plugin:jar UP-TO-DATE

> Configure project :
[32m[ExpoRootProject][0m Using the following versions:
  - buildTools:  [32m36.0.0[0m
  - minSdk:      [32m24[0m
  - compileSdk:  [32m36[0m
  - targetSdk:   [32m36[0m
  - ndk:         [32m27.1.12297006[0m
  - kotlin:      [32m2.1.20[0m
  - ksp:         [32m2.1.20-2.0.1[0m

> Configure project :app
 ℹ️  [33mApplying gradle plugin[0m '[32mexpo-dev-launcher-gradle-plugin[0m'

> Configure project :expo

Using expo modules
  - [32mexpo-constants[0m (18.0.13)
  - [32mexpo-dev-client[0m (6.0.20)
  - [32mexpo-dev-launcher[0m (6.0.20)
  - [32mexpo-dev-menu[0m (7.0.18)
  - [32mexpo-dev-menu-interface[0m (2.0.0)
  - [32mexpo-json-utils[0m (0.15.0)
  - [32mexpo-manifests[0m (1.0.10)
  - [32mexpo-modules-core[0m (3.0.29)
  - [32mexpo-updates-interface[0m (2.0.0)
  - [33m[📦][0m [32mexpo-asset[0m (12.0.12)
  - [33m[📦][0m [32mexpo-camera[0m (17.0.10)
  - [33m[📦][0m [32mexpo-file-system[0m (19.0.21)
  - [33m[📦][0m [32mexpo-font[0m (14.0.11)
  - [33m[📦][0m [32mexpo-keep-awake[0m (15.0.8)
  - [33m[📦][0m [32mexpo-linear-gradient[0m (15.0.8)
  - [33m[📦][0m [32mexpo-secure-store[0m (15.0.8)


> Task :expo-json-utils:preBuild UP-TO-DATE
> Task :expo-dev-client:preBuild UP-TO-DATE
> Task :expo-dev-menu:preBuild UP-TO-DATE
> Task :expo-manifests:preBuild UP-TO-DATE
> Task :expo-dev-launcher:preBuild UP-TO-DATE
> Task :expo-dev-menu-interface:preBuild UP-TO-DATE
> Task :expo-updates-interface:preBuild UP-TO-DATE
> Task :expo-modules-core:preBuild UP-TO-DATE
> Task :expo:generatePackagesList UP-TO-DATE
> Task :expo:preBuild UP-TO-DATE
> Task :react-native-worklets:assertMinimalReactNativeVersionTask
> Task :react-native-reanimated:assertMinimalReactNativeVersionTask
> Task :react-native-reanimated:assertNewArchitectureEnabledTask SKIPPED
> Task :react-native-worklets:assertNewArchitectureEnabledTask SKIPPED

> Task :expo-constants:createExpoConfig

> Task :expo-constants:preBuild
The NODE_ENV environment variable is required but was not specified. Ensure the project is bundled with Expo CLI or NODE_ENV is set. Using only .env.local and .env
> Task :expo:preDebugBuild UP-TO-DATE
> Task :expo:writeDebugAarMetadata UP-TO-DATE
> Task :expo-constants:preDebugBuild
> Task :expo-constants:writeDebugAarMetadata UP-TO-DATE
> Task :expo-dev-client:preDebugBuild UP-TO-DATE
> Task :expo-dev-client:writeDebugAarMetadata UP-TO-DATE
> Task :expo-dev-launcher:preDebugBuild UP-TO-DATE
> Task :expo-dev-launcher:writeDebugAarMetadata UP-TO-DATE
> Task :expo-dev-menu:preDebugBuild UP-TO-DATE
> Task :expo-dev-menu:writeDebugAarMetadata UP-TO-DATE
> Task :react-native-reanimated:assertWorkletsVersionTask
> Task :expo-dev-menu-interface:preDebugBuild UP-TO-DATE
> Task :expo-dev-menu-interface:writeDebugAarMetadata UP-TO-DATE
> Task :expo-json-utils:preDebugBuild UP-TO-DATE
> Task :expo-json-utils:writeDebugAarMetadata UP-TO-DATE
> Task :expo-manifests:preDebugBuild UP-TO-DATE
> Task :expo-manifests:writeDebugAarMetadata UP-TO-DATE
> Task :expo-modules-core:preDebugBuild UP-TO-DATE
> Task :expo-modules-core:writeDebugAarMetadata
> Task :expo-updates-interface:preDebugBuild UP-TO-DATE
> Task :expo-updates-interface:writeDebugAarMetadata UP-TO-DATE
> Task :expo:generateDebugResValues UP-TO-DATE
> Task :expo:generateDebugResources UP-TO-DATE
> Task :expo:packageDebugResources UP-TO-DATE
> Task :expo-constants:generateDebugResValues UP-TO-DATE
> Task :expo-constants:generateDebugResources UP-TO-DATE
> Task :expo-constants:packageDebugResources UP-TO-DATE
> Task :expo-dev-client:generateDebugResValues UP-TO-DATE
> Task :expo-dev-client:generateDebugResources UP-TO-DATE
> Task :expo-dev-client:packageDebugResources UP-TO-DATE
> Task :expo-dev-launcher:generateDebugResValues UP-TO-DATE
> Task :expo-dev-launcher:generateDebugResources UP-TO-DATE
> Task :expo-dev-launcher:packageDebugResources UP-TO-DATE
> Task :expo-dev-menu:generateDebugResValues UP-TO-DATE
> Task :expo-dev-menu:generateDebugResources UP-TO-DATE
> Task :expo-dev-menu:packageDebugResources UP-TO-DATE
> Task :expo-dev-menu-interface:generateDebugResValues UP-TO-DATE
> Task :expo-dev-menu-interface:generateDebugResources UP-TO-DATE
> Task :expo-dev-menu-interface:packageDebugResources UP-TO-DATE
> Task :expo-json-utils:generateDebugResValues UP-TO-DATE
> Task :react-native-gesture-handler:generateCodegenSchemaFromJavaScript
> Task :expo-json-utils:generateDebugResources UP-TO-DATE
> Task :react-native-safe-area-context:generateCodegenSchemaFromJavaScript
> Task :expo-json-utils:packageDebugResources UP-TO-DATE
> Task :expo-manifests:generateDebugResValues UP-TO-DATE
> Task :expo-manifests:generateDebugResources UP-TO-DATE
> Task :expo-manifests:packageDebugResources UP-TO-DATE
> Task :expo-modules-core:generateDebugResValues
> Task :expo-modules-core:generateDebugResources
> Task :app:generateAutolinkingNewArchitectureFiles
> Task :app:generateAutolinkingPackageList
> Task :app:generateCodegenSchemaFromJavaScript SKIPPED
> Task :app:generateCodegenArtifactsFromSchema SKIPPED
> Task :app:generateReactNativeEntryPoint
> Task :app:checkKotlinGradlePluginConfigurationErrors SKIPPED
> Task :react-native-svg:generateCodegenSchemaFromJavaScript
> Task :expo-updates-interface:generateDebugResValues UP-TO-DATE
> Task :expo-updates-interface:generateDebugResources UP-TO-DATE
> Task :expo-updates-interface:packageDebugResources UP-TO-DATE
> Task :expo:extractDeepLinksDebug UP-TO-DATE
> Task :expo:processDebugManifest UP-TO-DATE
> Task :expo-constants:extractDeepLinksDebug UP-TO-DATE
> Task :expo-constants:processDebugManifest UP-TO-DATE
> Task :expo-dev-client:extractDeepLinksDebug UP-TO-DATE
> Task :expo-dev-client:processDebugManifest UP-TO-DATE
> Task :expo-dev-launcher:extractDeepLinksDebug UP-TO-DATE
> Task :expo-dev-launcher:processDebugManifest UP-TO-DATE
> Task :react-native-screens:generateCodegenSchemaFromJavaScript
> Task :expo-dev-menu:extractDeepLinksDebug UP-TO-DATE
> Task :expo-dev-menu:processDebugManifest UP-TO-DATE
> Task :expo-dev-menu-interface:extractDeepLinksDebug UP-TO-DATE
> Task :expo-dev-menu-interface:processDebugManifest UP-TO-DATE
> Task :expo-json-utils:extractDeepLinksDebug UP-TO-DATE
> Task :expo-json-utils:processDebugManifest UP-TO-DATE
> Task :expo-manifests:extractDeepLinksDebug UP-TO-DATE
> Task :expo-manifests:processDebugManifest UP-TO-DATE
> Task :expo-updates-interface:extractDeepLinksDebug UP-TO-DATE
> Task :expo-updates-interface:processDebugManifest UP-TO-DATE
> Task :expo:compileDebugLibraryResources UP-TO-DATE
> Task :expo:parseDebugLocalResources UP-TO-DATE
> Task :expo:generateDebugRFile UP-TO-DATE
> Task :expo-constants:compileDebugLibraryResources UP-TO-DATE
> Task :expo-constants:parseDebugLocalResources UP-TO-DATE
> Task :expo-constants:generateDebugRFile UP-TO-DATE
> Task :expo-modules-core:packageDebugResources
> Task :expo-dev-client:compileDebugLibraryResources UP-TO-DATE
> Task :expo-dev-client:parseDebugLocalResources UP-TO-DATE
> Task :expo-dev-client:generateDebugRFile UP-TO-DATE
> Task :expo-dev-launcher:compileDebugLibraryResources UP-TO-DATE
> Task :expo-dev-launcher:parseDebugLocalResources UP-TO-DATE
> Task :expo-dev-launcher:generateDebugRFile UP-TO-DATE
> Task :expo-dev-menu:compileDebugLibraryResources UP-TO-DATE
> Task :expo-dev-menu:parseDebugLocalResources UP-TO-DATE
> Task :expo-dev-menu:generateDebugRFile UP-TO-DATE
> Task :expo-dev-menu-interface:compileDebugLibraryResources UP-TO-DATE
> Task :expo-dev-menu-interface:parseDebugLocalResources UP-TO-DATE
> Task :expo-dev-menu-interface:generateDebugRFile UP-TO-DATE
> Task :expo-json-utils:compileDebugLibraryResources UP-TO-DATE
> Task :expo-modules-core:extractDeepLinksDebug
> Task :expo-json-utils:parseDebugLocalResources UP-TO-DATE
> Task :expo-json-utils:generateDebugRFile UP-TO-DATE
> Task :expo-manifests:compileDebugLibraryResources UP-TO-DATE
> Task :expo-manifests:parseDebugLocalResources UP-TO-DATE
> Task :expo-manifests:generateDebugRFile UP-TO-DATE
> Task :expo-updates-interface:compileDebugLibraryResources UP-TO-DATE
> Task :expo-updates-interface:parseDebugLocalResources UP-TO-DATE
> Task :expo-modules-core:compileDebugLibraryResources

> Task :expo-modules-core:processDebugManifest
C:\Users\Harsue\Desktop\CODIGOS\Taurus-frontend\taurus-mobile\node_modules\expo-modules-core\android\src\main\AndroidManifest.xml:8:9-11:45 Warning:
	meta-data#com.facebook.soloader.enabled@android:value was tagged at AndroidManifest.xml:8 to replace other declarations but no other declaration present

> Task :expo-updates-interface:generateDebugRFile UP-TO-DATE
> Task :expo:checkKotlinGradlePluginConfigurationErrors SKIPPED
> Task :expo:generateDebugBuildConfig UP-TO-DATE
> Task :expo-constants:checkKotlinGradlePluginConfigurationErrors SKIPPED
> Task :expo-constants:generateDebugBuildConfig UP-TO-DATE
> Task :expo-modules-core:checkKotlinGradlePluginConfigurationErrors SKIPPED
> Task :expo-modules-core:generateDebugBuildConfig
> Task :expo-modules-core:parseDebugLocalResources
> Task :expo-constants:javaPreCompileDebug UP-TO-DATE
> Task :expo-dev-client:checkKotlinGradlePluginConfigurationErrors SKIPPED
> Task :expo-modules-core:javaPreCompileDebug
> Task :expo-dev-client:dataBindingMergeDependencyArtifactsDebug UP-TO-DATE
> Task :expo-dev-client:dataBindingGenBaseClassesDebug UP-TO-DATE
> Task :expo-dev-client:generateDebugBuildConfig UP-TO-DATE
> Task :expo-modules-core:generateDebugRFile
> Task :expo-dev-client:javaPreCompileDebug UP-TO-DATE
> Task :expo-dev-launcher:checkKotlinGradlePluginConfigurationErrors SKIPPED
> Task :react-native-worklets:generateCodegenSchemaFromJavaScript
> Task :react-native-reanimated:generateCodegenSchemaFromJavaScript
> Task :react-native-safe-area-context:generateCodegenArtifactsFromSchema
> Task :react-native-safe-area-context:preBuild
> Task :react-native-gesture-handler:generateCodegenArtifactsFromSchema
> Task :react-native-safe-area-context:preDebugBuild
> Task :react-native-gesture-handler:preBuild
> Task :react-native-gesture-handler:preDebugBuild
> Task :react-native-svg:generateCodegenArtifactsFromSchema
> Task :react-native-svg:preBuild
> Task :react-native-svg:preDebugBuild
> Task :react-native-safe-area-context:writeDebugAarMetadata
> Task :react-native-gesture-handler:generateDebugResValues
> Task :react-native-reanimated:generateCodegenArtifactsFromSchema
> Task :react-native-reanimated:prepareReanimatedHeadersForPrefabs
> Task :react-native-reanimated:preBuild
> Task :react-native-reanimated:preDebugBuild
> Task :react-native-screens:generateCodegenArtifactsFromSchema
> Task :react-native-screens:preBuild
> Task :react-native-screens:preDebugBuild
> Task :react-native-worklets:generateCodegenArtifactsFromSchema
> Task :react-native-svg:writeDebugAarMetadata
> Task :react-native-gesture-handler:generateDebugResources
> Task :react-native-reanimated:generateDebugResValues
> Task :react-native-reanimated:generateDebugResources
> Task :react-native-gesture-handler:packageDebugResources
> Task :react-native-reanimated:packageDebugResources
> Task :react-native-screens:generateDebugResValues
> Task :react-native-safe-area-context:generateDebugResValues
> Task :react-native-screens:generateDebugResources
> Task :react-native-safe-area-context:generateDebugResources
> Task :react-native-worklets:prepareWorkletsHeadersForPrefabs
> Task :react-native-worklets:preBuild
> Task :app:preBuild
> Task :app:preDebugBuild
> Task :app:mergeDebugNativeDebugMetadata NO-SOURCE
> Task :app:generateDebugBuildConfig
> Task :react-native-worklets:preDebugBuild
> Task :react-native-safe-area-context:packageDebugResources
> Task :react-native-worklets:writeDebugAarMetadata
> Task :react-native-svg:generateDebugResValues
> Task :app:generateDebugResValues
> Task :react-native-screens:writeDebugAarMetadata
> Task :react-native-gesture-handler:writeDebugAarMetadata
> Task :react-native-worklets:generateDebugResValues
> Task :react-native-reanimated:writeDebugAarMetadata
> Task :react-native-gesture-handler:extractDeepLinksDebug
> Task :react-native-reanimated:extractDeepLinksDebug
> Task :react-native-worklets:generateDebugResources
> Task :app:generateDebugResources
> Task :react-native-svg:generateDebugResources
> Task :react-native-worklets:packageDebugResources
> Task :react-native-safe-area-context:extractDeepLinksDebug

> Task :react-native-safe-area-context:processDebugManifest
package="com.th3rdwave.safeareacontext" found in source AndroidManifest.xml: C:\Users\Harsue\Desktop\CODIGOS\Taurus-frontend\taurus-mobile\node_modules\react-native-safe-area-context\android\src\main\AndroidManifest.xml.
Setting the namespace via the package attribute in the source AndroidManifest.xml is no longer supported, and the value is ignored.
Recommendation: remove package="com.th3rdwave.safeareacontext" from the source AndroidManifest.xml: C:\Users\Harsue\Desktop\CODIGOS\Taurus-frontend\taurus-mobile\node_modules\react-native-safe-area-context\android\src\main\AndroidManifest.xml.

> Task :react-native-worklets:extractDeepLinksDebug
> Task :react-native-reanimated:processDebugManifest
> Task :react-native-gesture-handler:compileDebugLibraryResources
> Task :react-native-svg:packageDebugResources
> Task :react-native-gesture-handler:parseDebugLocalResources
> Task :react-native-worklets:processDebugManifest
> Task :react-native-gesture-handler:processDebugManifest
> Task :expo-dev-launcher:dataBindingMergeDependencyArtifactsDebug UP-TO-DATE
> Task :react-native-reanimated:compileDebugLibraryResources
> Task :react-native-svg:extractDeepLinksDebug
> Task :react-native-worklets:compileDebugLibraryResources
> Task :react-native-gesture-handler:generateDebugRFile
> Task :app:packageDebugResources
> Task :react-native-safe-area-context:parseDebugLocalResources
> Task :react-native-worklets:parseDebugLocalResources
> Task :react-native-reanimated:parseDebugLocalResources
> Task :app:createDebugCompatibleScreenManifests
> Task :react-native-safe-area-context:compileDebugLibraryResources
> Task :app:extractDeepLinksDebug
> Task :app:parseDebugLocalResources
> Task :react-native-safe-area-context:generateDebugRFile
> Task :expo-dev-menu:checkKotlinGradlePluginConfigurationErrors SKIPPED
> Task :react-native-reanimated:generateDebugRFile
> Task :expo-dev-menu:generateDebugBuildConfig UP-TO-DATE
> Task :expo-dev-menu-interface:checkKotlinGradlePluginConfigurationErrors SKIPPED
> Task :expo-dev-menu-interface:generateDebugBuildConfig UP-TO-DATE
> Task :expo-dev-menu-interface:javaPreCompileDebug UP-TO-DATE
> Task :expo-json-utils:checkKotlinGradlePluginConfigurationErrors SKIPPED
> Task :expo-json-utils:generateDebugBuildConfig UP-TO-DATE
> Task :expo-json-utils:javaPreCompileDebug UP-TO-DATE
> Task :expo-manifests:checkKotlinGradlePluginConfigurationErrors SKIPPED
> Task :expo-manifests:generateDebugBuildConfig UP-TO-DATE
> Task :expo-manifests:javaPreCompileDebug UP-TO-DATE
> Task :expo-dev-menu:javaPreCompileDebug UP-TO-DATE
> Task :expo-updates-interface:checkKotlinGradlePluginConfigurationErrors SKIPPED
> Task :expo-updates-interface:generateDebugBuildConfig UP-TO-DATE
> Task :expo-updates-interface:javaPreCompileDebug UP-TO-DATE
> Task :expo:javaPreCompileDebug UP-TO-DATE
> Task :react-native-gesture-handler:checkKotlinGradlePluginConfigurationErrors SKIPPED
> Task :react-native-gesture-handler:generateDebugBuildConfig
> Task :react-native-reanimated:generateDebugBuildConfig
> Task :react-native-svg:compileDebugLibraryResources
> Task :react-native-svg:processDebugManifest
> Task :react-native-worklets:generateDebugBuildConfig
> Task :react-native-svg:generateDebugBuildConfig
> Task :react-native-reanimated:javaPreCompileDebug
> Task :react-native-worklets:generateDebugRFile
> Task :react-native-safe-area-context:checkKotlinGradlePluginConfigurationErrors SKIPPED
> Task :react-native-screens:packageDebugResources
> Task :react-native-safe-area-context:generateDebugBuildConfig
> Task :react-native-screens:extractDeepLinksDebug
> Task :react-native-svg:javaPreCompileDebug
> Task :react-native-gesture-handler:javaPreCompileDebug
> Task :react-native-svg:parseDebugLocalResources
> Task :react-native-svg:generateDebugRFile
> Task :react-native-screens:processDebugManifest
> Task :react-native-screens:parseDebugLocalResources
> Task :react-native-worklets:javaPreCompileDebug
> Task :expo-dev-launcher:dataBindingGenBaseClassesDebug UP-TO-DATE
> Task :expo-dev-launcher:generateDebugBuildConfig UP-TO-DATE
> Task :expo-dev-launcher:checkApolloVersions UP-TO-DATE
> Task :expo-dev-launcher:generateServiceApolloOptions UP-TO-DATE
> Task :react-native-screens:generateDebugRFile
> Task :react-native-screens:checkKotlinGradlePluginConfigurationErrors SKIPPED
> Task :react-native-screens:generateDebugBuildConfig
> Task :expo-dev-launcher:generateServiceApolloSources UP-TO-DATE
> Task :expo-dev-launcher:javaPreCompileDebug UP-TO-DATE
> Task :app:mapDebugSourceSetPaths
> Task :react-native-screens:compileDebugLibraryResources
> Task :expo:mergeDebugShaders UP-TO-DATE
> Task :expo:compileDebugShaders NO-SOURCE
> Task :expo:generateDebugAssets UP-TO-DATE
> Task :expo:mergeDebugAssets UP-TO-DATE
> Task :expo-constants:mergeDebugShaders UP-TO-DATE
> Task :expo-constants:compileDebugShaders NO-SOURCE
> Task :expo-constants:generateDebugAssets UP-TO-DATE
> Task :expo-constants:mergeDebugAssets UP-TO-DATE
> Task :expo-dev-client:mergeDebugShaders UP-TO-DATE
> Task :expo-dev-client:compileDebugShaders NO-SOURCE
> Task :expo-dev-client:generateDebugAssets UP-TO-DATE
> Task :expo-dev-client:mergeDebugAssets UP-TO-DATE
> Task :app:checkDebugAarMetadata
> Task :expo-dev-menu:mergeDebugShaders UP-TO-DATE
> Task :expo-dev-menu:compileDebugShaders NO-SOURCE
> Task :expo-dev-menu:generateDebugAssets UP-TO-DATE
> Task :expo-dev-menu:mergeDebugAssets UP-TO-DATE
> Task :expo-dev-menu-interface:mergeDebugShaders UP-TO-DATE
> Task :expo-dev-menu-interface:compileDebugShaders NO-SOURCE
> Task :expo-dev-menu-interface:generateDebugAssets UP-TO-DATE
> Task :expo-dev-launcher:mergeDebugShaders UP-TO-DATE
> Task :expo-dev-launcher:compileDebugShaders NO-SOURCE
> Task :expo-dev-launcher:generateDebugAssets UP-TO-DATE
> Task :expo-dev-menu-interface:mergeDebugAssets UP-TO-DATE
> Task :expo-dev-launcher:mergeDebugAssets UP-TO-DATE
> Task :expo-json-utils:mergeDebugShaders UP-TO-DATE
> Task :expo-manifests:mergeDebugShaders UP-TO-DATE
> Task :expo-json-utils:compileDebugShaders NO-SOURCE
> Task :expo-json-utils:generateDebugAssets UP-TO-DATE
> Task :expo-manifests:compileDebugShaders NO-SOURCE
> Task :expo-manifests:generateDebugAssets UP-TO-DATE
> Task :expo-json-utils:mergeDebugAssets UP-TO-DATE
> Task :expo-manifests:mergeDebugAssets UP-TO-DATE
> Task :expo-updates-interface:mergeDebugShaders UP-TO-DATE
> Task :expo-updates-interface:compileDebugShaders NO-SOURCE
> Task :expo-updates-interface:generateDebugAssets UP-TO-DATE
> Task :expo-updates-interface:mergeDebugAssets UP-TO-DATE
> Task :expo-modules-core:mergeDebugShaders
> Task :react-native-gesture-handler:mergeDebugShaders
> Task :react-native-gesture-handler:compileDebugShaders NO-SOURCE
> Task :react-native-gesture-handler:generateDebugAssets UP-TO-DATE
> Task :expo-modules-core:compileDebugShaders NO-SOURCE
> Task :expo-modules-core:generateDebugAssets UP-TO-DATE
> Task :expo-modules-core:mergeDebugAssets
> Task :react-native-gesture-handler:mergeDebugAssets
> Task :expo:mergeDebugJniLibFolders UP-TO-DATE
> Task :expo:mergeDebugNativeLibs NO-SOURCE
> Task :expo:copyDebugJniLibsProjectOnly UP-TO-DATE
> Task :expo-constants:mergeDebugJniLibFolders UP-TO-DATE
> Task :expo-constants:mergeDebugNativeLibs NO-SOURCE
> Task :expo-constants:copyDebugJniLibsProjectOnly UP-TO-DATE
> Task :react-native-reanimated:mergeDebugShaders
> Task :react-native-reanimated:compileDebugShaders NO-SOURCE
> Task :react-native-reanimated:generateDebugAssets UP-TO-DATE
> Task :expo-dev-client:mergeDebugJniLibFolders UP-TO-DATE
> Task :expo-dev-client:mergeDebugNativeLibs NO-SOURCE
> Task :expo-dev-client:copyDebugJniLibsProjectOnly UP-TO-DATE
> Task :expo-dev-launcher:mergeDebugJniLibFolders UP-TO-DATE
> Task :expo-dev-launcher:mergeDebugNativeLibs NO-SOURCE
> Task :expo-dev-launcher:copyDebugJniLibsProjectOnly UP-TO-DATE
> Task :react-native-reanimated:mergeDebugAssets
> Task :react-native-reanimated:processDebugJavaRes NO-SOURCE
> Task :expo-dev-menu-interface:mergeDebugJniLibFolders UP-TO-DATE
> Task :expo-dev-menu-interface:mergeDebugNativeLibs NO-SOURCE
> Task :expo-dev-menu-interface:copyDebugJniLibsProjectOnly UP-TO-DATE
> Task :expo-dev-menu:mergeDebugJniLibFolders UP-TO-DATE
> Task :expo-json-utils:mergeDebugJniLibFolders UP-TO-DATE
> Task :expo-json-utils:mergeDebugNativeLibs NO-SOURCE
> Task :expo-dev-menu:mergeDebugNativeLibs NO-SOURCE
> Task :expo-json-utils:copyDebugJniLibsProjectOnly UP-TO-DATE
> Task :expo-dev-menu:copyDebugJniLibsProjectOnly UP-TO-DATE
> Task :expo-manifests:mergeDebugJniLibFolders UP-TO-DATE
> Task :expo-manifests:mergeDebugNativeLibs NO-SOURCE
> Task :expo-manifests:copyDebugJniLibsProjectOnly UP-TO-DATE
> Task :expo-updates-interface:mergeDebugJniLibFolders UP-TO-DATE
> Task :expo-updates-interface:mergeDebugNativeLibs NO-SOURCE
> Task :expo-updates-interface:copyDebugJniLibsProjectOnly UP-TO-DATE
> Task :react-native-gesture-handler:mergeDebugJniLibFolders
> Task :react-native-reanimated:mergeDebugJniLibFolders
> Task :expo:stripDebugDebugSymbols NO-SOURCE
> Task :expo:copyDebugJniLibsProjectAndLocalJars UP-TO-DATE
> Task :expo:extractDeepLinksForAarDebug UP-TO-DATE
> Task :expo:prepareDebugArtProfile UP-TO-DATE
> Task :expo:prepareLintJarForPublish UP-TO-DATE
> Task :expo-constants:stripDebugDebugSymbols NO-SOURCE
> Task :expo-constants:copyDebugJniLibsProjectAndLocalJars UP-TO-DATE
> Task :expo-constants:extractDeepLinksForAarDebug UP-TO-DATE
> Task :expo-constants:prepareDebugArtProfile UP-TO-DATE
> Task :expo-constants:prepareLintJarForPublish UP-TO-DATE
> Task :expo-dev-client:stripDebugDebugSymbols NO-SOURCE
> Task :expo-dev-client:copyDebugJniLibsProjectAndLocalJars UP-TO-DATE
> Task :expo-dev-client:extractDeepLinksForAarDebug UP-TO-DATE
> Task :expo-dev-client:prepareDebugArtProfile UP-TO-DATE
> Task :expo-dev-client:prepareLintJarForPublish UP-TO-DATE
> Task :expo-dev-launcher:stripDebugDebugSymbols NO-SOURCE
> Task :expo-dev-launcher:copyDebugJniLibsProjectAndLocalJars UP-TO-DATE
> Task :expo-dev-launcher:extractDeepLinksForAarDebug UP-TO-DATE
> Task :expo-dev-launcher:prepareDebugArtProfile UP-TO-DATE
> Task :expo-dev-launcher:prepareLintJarForPublish UP-TO-DATE
> Task :expo-dev-menu:stripDebugDebugSymbols NO-SOURCE
> Task :expo-dev-menu:copyDebugJniLibsProjectAndLocalJars UP-TO-DATE
> Task :expo-dev-menu:extractDeepLinksForAarDebug UP-TO-DATE
> Task :expo-dev-menu:prepareDebugArtProfile UP-TO-DATE
> Task :expo-dev-menu:prepareLintJarForPublish UP-TO-DATE
> Task :expo-dev-menu-interface:stripDebugDebugSymbols NO-SOURCE
> Task :expo-dev-menu-interface:copyDebugJniLibsProjectAndLocalJars UP-TO-DATE
> Task :expo-dev-menu-interface:extractDeepLinksForAarDebug UP-TO-DATE
> Task :expo-dev-menu-interface:prepareDebugArtProfile UP-TO-DATE
> Task :expo-dev-menu-interface:prepareLintJarForPublish UP-TO-DATE
> Task :expo-json-utils:stripDebugDebugSymbols NO-SOURCE
> Task :expo-json-utils:copyDebugJniLibsProjectAndLocalJars UP-TO-DATE
> Task :expo-json-utils:extractDeepLinksForAarDebug UP-TO-DATE
> Task :expo-json-utils:prepareDebugArtProfile UP-TO-DATE
> Task :expo-json-utils:prepareLintJarForPublish UP-TO-DATE
> Task :expo-manifests:stripDebugDebugSymbols NO-SOURCE
> Task :expo-manifests:copyDebugJniLibsProjectAndLocalJars UP-TO-DATE
> Task :expo-manifests:extractDeepLinksForAarDebug UP-TO-DATE
> Task :expo-manifests:prepareDebugArtProfile UP-TO-DATE
> Task :expo-manifests:prepareLintJarForPublish UP-TO-DATE
> Task :expo-updates-interface:stripDebugDebugSymbols NO-SOURCE
> Task :expo-updates-interface:copyDebugJniLibsProjectAndLocalJars UP-TO-DATE
> Task :expo-updates-interface:extractDeepLinksForAarDebug UP-TO-DATE
> Task :expo-updates-interface:prepareDebugArtProfile UP-TO-DATE
> Task :expo-updates-interface:prepareLintJarForPublish UP-TO-DATE
> Task :react-native-gesture-handler:extractDeepLinksForAarDebug UP-TO-DATE
> Task :react-native-gesture-handler:prepareDebugArtProfile UP-TO-DATE
> Task :react-native-gesture-handler:prepareLintJarForPublish UP-TO-DATE
> Task :react-native-reanimated:extractDeepLinksForAarDebug UP-TO-DATE
> Task :react-native-reanimated:prepareDebugArtProfile UP-TO-DATE
> Task :react-native-reanimated:prepareLintJarForPublish UP-TO-DATE
> Task :react-native-reanimated:mergeDebugJavaResource

> Task :react-native-worklets:compileDebugJavaWithJavac
Note: C:\Users\Harsue\Desktop\CODIGOS\Taurus-frontend\taurus-mobile\node_modules\react-native-worklets\android\src\main\java\com\swmansion\worklets\WorkletsPackage.java uses unchecked or unsafe operations.
Note: Recompile with -Xlint:unchecked for details.

> Task :expo-modules-core:configureCMakeDebug[arm64-v8a]
> Task :react-native-worklets:mergeDebugShaders
> Task :react-native-worklets:compileDebugShaders NO-SOURCE
> Task :react-native-worklets:generateDebugAssets UP-TO-DATE
> Task :react-native-worklets:mergeDebugAssets
> Task :react-native-worklets:bundleLibRuntimeToJarDebug
> Task :react-native-worklets:bundleLibCompileToJarDebug

> Task :react-native-svg:compileDebugJavaWithJavac
Note: Some input files use or override a deprecated API.
Note: Recompile with -Xlint:deprecation for details.
Note: Some input files use unchecked or unsafe operations.
Note: Recompile with -Xlint:unchecked for details.

> Task :react-native-reanimated:compileDebugJavaWithJavac
Note: Some input files use or override a deprecated API.
Note: Recompile with -Xlint:deprecation for details.
Note: Some input files use unchecked or unsafe operations.
Note: Recompile with -Xlint:unchecked for details.

> Task :app:mergeDebugResources
> Task :react-native-reanimated:bundleLibCompileToJarDebug
> Task :react-native-safe-area-context:javaPreCompileDebug
> Task :react-native-svg:bundleLibCompileToJarDebug
> Task :react-native-screens:javaPreCompileDebug
> Task :react-native-safe-area-context:mergeDebugShaders
> Task :react-native-safe-area-context:compileDebugShaders NO-SOURCE
> Task :react-native-safe-area-context:generateDebugAssets UP-TO-DATE
> Task :react-native-safe-area-context:mergeDebugAssets
> Task :react-native-screens:mergeDebugShaders
> Task :react-native-screens:compileDebugShaders NO-SOURCE
> Task :react-native-screens:generateDebugAssets UP-TO-DATE
> Task :react-native-screens:mergeDebugAssets
> Task :react-native-svg:mergeDebugShaders
> Task :react-native-svg:compileDebugShaders NO-SOURCE
> Task :react-native-svg:generateDebugAssets UP-TO-DATE
> Task :react-native-svg:mergeDebugAssets
> Task :react-native-reanimated:bundleLibRuntimeToJarDebug

> Task :app:processDebugMainManifest
C:\Users\Harsue\trs\android\app\src\debug\AndroidManifest.xml:6:5-162 Warning:
	application@android:usesCleartextTraffic was tagged at AndroidManifest.xml:6 to replace other declarations but no other declaration present
C:\Users\Harsue\trs\android\app\src\debug\AndroidManifest.xml Warning:
	provider#expo.modules.filesystem.FileSystemFileProvider@android:authorities was tagged at AndroidManifest.xml:0 to replace other declarations but no other declaration present

> Task :react-native-svg:bundleLibRuntimeToJarDebug
> Task :app:processDebugManifest
> Task :expo-modules-core:buildCMakeDebug[arm64-v8a]
> Task :app:javaPreCompileDebug
> Task :app:processDebugManifestForPackage
> Task :expo-modules-core:compileDebugKotlin
> Task :react-native-safe-area-context:compileDebugKotlin
> Task :react-native-screens:compileDebugKotlin
> Task :react-native-svg:processDebugJavaRes NO-SOURCE
> Task :react-native-worklets:processDebugJavaRes NO-SOURCE
> Task :app:mergeDebugShaders
> Task :app:compileDebugShaders NO-SOURCE
> Task :app:generateDebugAssets UP-TO-DATE
> Task :react-native-worklets:configureCMakeDebug[arm64-v8a]
> Task :react-native-worklets:generateJsonModelDebug
> Task :react-native-worklets:prefabDebugConfigurePackage
> Task :react-native-reanimated:configureCMakeDebug[arm64-v8a]
> Task :react-native-reanimated:generateJsonModelDebug
> Task :react-native-reanimated:prefabDebugConfigurePackage
> Task :app:mergeDebugAssets
> Task :app:compressDebugAssets
> Task :app:desugarDebugFileDependencies
> Task :react-native-gesture-handler:compileDebugKotlin
> Task :app:processDebugResources
> Task :expo-modules-core:mergeDebugJniLibFolders
> Task :app:checkDebugDuplicateClasses
> Task :expo-modules-core:mergeDebugNativeLibs
> Task :react-native-worklets:buildCMakeDebug[arm64-v8a][worklets]
> Task :react-native-worklets:externalNativeBuildDebug
> Task :react-native-worklets:prefabDebugPackage
> Task :expo-modules-core:copyDebugJniLibsProjectOnly
> Task :react-native-worklets:mergeDebugJniLibFolders
> Task :react-native-worklets:mergeDebugNativeLibs
> Task :app:mergeExtDexDebug

> Task :react-native-screens:compileDebugKotlin
w: file:///C:/Users/Harsue/Desktop/CODIGOS/Taurus-frontend/taurus-mobile/node_modules/react-native-screens/android/src/main/java/com/swmansion/rnscreens/RNScreensPackage.kt:56:9 The corresponding parameter in the supertype 'BaseReactPackage' is named 'name'. This may cause problems when calling this function with named arguments.
w: file:///C:/Users/Harsue/Desktop/CODIGOS/Taurus-frontend/taurus-mobile/node_modules/react-native-screens/android/src/main/java/com/swmansion/rnscreens/RNScreensPackage.kt:57:9 The corresponding parameter in the supertype 'BaseReactPackage' is named 'reactContext'. This may cause problems when calling this function with named arguments.
w: file:///C:/Users/Harsue/Desktop/CODIGOS/Taurus-frontend/taurus-mobile/node_modules/react-native-screens/android/src/main/java/com/swmansion/rnscreens/RNScreensPackage.kt:70:17 'constructor(name: String, className: String, canOverrideExistingModule: Boolean, needsEagerInit: Boolean, hasConstants: Boolean, isCxxModule: Boolean, isTurboModule: Boolean): ReactModuleInfo' is deprecated. This constructor is deprecated and will be removed in the future. Use ReactModuleInfo(String, String, boolean, boolean, boolean, boolean)].
w: file:///C:/Users/Harsue/Desktop/CODIGOS/Taurus-frontend/taurus-mobile/node_modules/react-native-screens/android/src/main/java/com/swmansion/rnscreens/Screen.kt:48:77 Unchecked cast of '(CoordinatorLayout.Behavior<View!>?..CoordinatorLayout.Behavior<*>?)' to 'BottomSheetBehavior<Screen>'.
w: file:///C:/Users/Harsue/Desktop/CODIGOS/Taurus-frontend/taurus-mobile/node_modules/react-native-screens/android/src/main/java/com/swmansion/rnscreens/Screen.kt:383:36 'fun setTranslucent(screen: Screen, activity: Activity?, context: ReactContext?): Unit' is deprecated. For apps targeting SDK 35 or above this prop has no effect because edge-to-edge is enabled by default and the status bar is always translucent.
w: file:///C:/Users/Harsue/Desktop/CODIGOS/Taurus-frontend/taurus-mobile/node_modules/react-native-screens/android/src/main/java/com/swmansion/rnscreens/Screen.kt:402:36 'fun setColor(screen: Screen, activity: Activity?, context: ReactContext?): Unit' is deprecated. For apps targeting SDK 35 or above this prop has no effect because edge-to-edge is enabled by default and the status bar is always translucent.
w: file:///C:/Users/Harsue/Desktop/CODIGOS/Taurus-frontend/taurus-mobile/node_modules/react-native-screens/android/src/main/java/com/swmansion/rnscreens/Screen.kt:420:36 'fun setNavigationBarColor(screen: Screen, activity: Activity?): Unit' is deprecated. For all apps targeting Android SDK 35 or above edge-to-edge is enabled by default.
w: file:///C:/Users/Harsue/Desktop/CODIGOS/Taurus-frontend/taurus-mobile/node_modules/react-native-screens/android/src/main/java/com/swmansion/rnscreens/Screen.kt:437:36 'fun setNavigationBarTranslucent(screen: Screen, activity: Activity?): Unit' is deprecated. For all apps targeting Android SDK 35 or above edge-to-edge is enabled by default.
w: file:///C:/Users/Harsue/Desktop/CODIGOS/Taurus-frontend/taurus-mobile/node_modules/react-native-screens/android/src/main/java/com/swmansion/rnscreens/ScreenStackFragment.kt:217:31 'var targetElevation: Float' is deprecated. Deprecated in Java.
w: file:///C:/Users/Harsue/Desktop/CODIGOS/Taurus-frontend/taurus-mobile/node_modules/react-native-screens/android/src/main/java/com/swmansion/rnscreens/ScreenStackFragment.kt:220:13 'fun setHasOptionsMenu(p0: Boolean): Unit' is deprecated. Deprecated in Java.
w: file:///C:/Users/Harsue/Desktop/CODIGOS/Taurus-frontend/taurus-mobile/node_modules/react-native-screens/android/src/main/java/com/swmansion/rnscreens/ScreenStackFragment.kt:397:18 This declaration overrides a deprecated member but is not marked as deprecated itself. Add the '@Deprecated' annotation or suppress the diagnostic.
w: file:///C:/Users/Harsue/Desktop/CODIGOS/Taurus-frontend/taurus-mobile/node_modules/react-native-screens/android/src/main/java/com/swmansion/rnscreens/ScreenStackFragment.kt:404:22 'fun onPrepareOptionsMenu(p0: Menu): Unit' is deprecated. Deprecated in Java.
w: file:///C:/Users/Harsue/Desktop/CODIGOS/Taurus-frontend/taurus-mobile/node_modules/react-native-screens/android/src/main/java/com/swmansion/rnscreens/ScreenStackFragment.kt:407:18 This declaration overrides a deprecated member but is not marked as deprecated itself. Add the '@Deprecated' annotation or suppress the diagnostic.
w: file:///C:/Users/Harsue/Desktop/CODIGOS/Taurus-frontend/taurus-mobile/node_modules/react-native-screens/android/src/main/java/com/swmansion/rnscreens/ScreenStackFragment.kt:412:22 'fun onCreateOptionsMenu(p0: Menu, p1: MenuInflater): Unit' is deprecated. Deprecated in Java.
w: file:///C:/Users/Harsue/Desktop/CODIGOS/Taurus-frontend/taurus-mobile/node_modules/react-native-screens/android/src/main/java/com/swmansion/rnscreens/ScreenStackHeaderConfig.kt:435:18 'val reactNativeHost: ReactNativeHost' is deprecated. You should not use ReactNativeHost directly in the New Architecture. Use ReactHost instead.
w: file:///C:/Users/Harsue/Desktop/CODIGOS/Taurus-frontend/taurus-mobile/node_modules/react-native-screens/android/src/main/java/com/swmansion/rnscreens/ScreenViewManager.kt:203:14 'var statusBarColor: Int?' is deprecated. For apps targeting SDK 35 or above this prop has no effect because edge-to-edge is enabled by default and the status bar is always translucent.
w: file:///C:/Users/Harsue/Desktop/CODIGOS/Taurus-frontend/taurus-mobile/node_modules/react-native-screens/android/src/main/java/com/swmansion/rnscreens/ScreenViewManager.kt:220:14 'var isStatusBarTranslucent: Boolean?' is deprecated. For apps targeting SDK 35 or above this prop has no effect because edge-to-edge is enabled by default and the status bar is always translucent.
w: file:///C:/Users/Harsue/Desktop/CODIGOS/Taurus-frontend/taurus-mobile/node_modules/react-native-screens/android/src/main/java/com/swmansion/rnscreens/ScreenViewManager.kt:237:14 'var navigationBarColor: Int?' is deprecated. For all apps targeting Android SDK 35 or above edge-to-edge is enabled by default.
w: file:///C:/Users/Harsue/Desktop/CODIGOS/Taurus-frontend/taurus-mobile/node_modules/react-native-screens/android/src/main/java/com/swmansion/rnscreens/ScreenViewManager.kt:246:14 'var isNavigationBarTranslucent: Boolean?' is deprecated. For all apps targeting Android SDK 35 or above edge-to-edge is enabled by default.
w: file:///C:/Users/Harsue/Desktop/CODIGOS/Taurus-frontend/taurus-mobile/node_modules/react-native-screens/android/src/main/java/com/swmansion/rnscreens/ScreenWindowTraits.kt:55:42 'fun replaceSystemWindowInsets(p0: Int, p1: Int, p2: Int, p3: Int): WindowInsetsCompat' is deprecated. Deprecated in Java.
w: file:///C:/Users/Harsue/Desktop/CODIGOS/Taurus-frontend/taurus-mobile/node_modules/react-native-screens/android/src/main/java/com/swmansion/rnscreens/ScreenWindowTraits.kt:56:39 'val systemWindowInsetLeft: Int' is deprecated. Deprecated in Java.
w: file:///C:/Users/Harsue/Desktop/CODIGOS/Taurus-frontend/taurus-mobile/node_modules/react-native-screens/android/src/main/java/com/swmansion/rnscreens/ScreenWindowTraits.kt:58:39 'val systemWindowInsetRight: Int' is deprecated. Deprecated in Java.
w: file:///C:/Users/Harsue/Desktop/CODIGOS/Taurus-frontend/taurus-mobile/node_modules/react-native-screens/android/src/main/java/com/swmansion/rnscreens/ScreenWindowTraits.kt:59:39 'val systemWindowInsetBottom: Int' is deprecated. Deprecated in Java.
w: file:///C:/Users/Harsue/Desktop/CODIGOS/Taurus-frontend/taurus-mobile/node_modules/react-native-screens/android/src/main/java/com/swmansion/rnscreens/ScreenWindowTraits.kt:102:53 'var statusBarColor: Int' is deprecated. Deprecated in Java.
w: file:///C:/Users/Harsue/Desktop/CODIGOS/Taurus-frontend/taurus-mobile/node_modules/react-native-screens/android/src/main/java/com/swmansion/rnscreens/ScreenWindowTraits.kt:106:37 'var statusBarColor: Int?' is deprecated. For apps targeting SDK 35 or above this prop has no effect because edge-to-edge is enabled by default and the status bar is always translucent.
w: file:///C:/Users/Harsue/Desktop/CODIGOS/Taurus-frontend/taurus-mobile/node_modules/react-native-screens/android/src/main/java/com/swmansion/rnscreens/ScreenWindowTraits.kt:113:48 'var statusBarColor: Int' is deprecated. Deprecated in Java.
w: file:///C:/Users/Harsue/Desktop/CODIGOS/Taurus-frontend/taurus-mobile/node_modules/react-native-screens/android/src/main/java/com/swmansion/rnscreens/ScreenWindowTraits.kt:116:32 'var statusBarColor: Int' is deprecated. Deprecated in Java.
w: file:///C:/Users/Harsue/Desktop/CODIGOS/Taurus-frontend/taurus-mobile/node_modules/react-native-screens/android/src/main/java/com/swmansion/rnscreens/ScreenWindowTraits.kt:162:49 'var isStatusBarTranslucent: Boolean?' is deprecated. For apps targeting SDK 35 or above this prop has no effect because edge-to-edge is enabled by default and the status bar is always translucent.
w: file:///C:/Users/Harsue/Desktop/CODIGOS/Taurus-frontend/taurus-mobile/node_modules/react-native-screens/android/src/main/java/com/swmansion/rnscreens/ScreenWindowTraits.kt:218:43 'var navigationBarColor: Int?' is deprecated. For all apps targeting Android SDK 35 or above edge-to-edge is enabled by default.
w: file:///C:/Users/Harsue/Desktop/CODIGOS/Taurus-frontend/taurus-mobile/node_modules/react-native-screens/android/src/main/java/com/swmansion/rnscreens/ScreenWindowTraits.kt:218:72 'var navigationBarColor: Int' is deprecated. Deprecated in Java.
w: file:///C:/Users/Harsue/Desktop/CODIGOS/Taurus-frontend/taurus-mobile/node_modules/react-native-screens/android/src/main/java/com/swmansion/rnscreens/ScreenWindowTraits.kt:224:16 'var navigationBarColor: Int' is deprecated. Deprecated in Java.
w: file:///C:/Users/Harsue/Desktop/CODIGOS/Taurus-frontend/taurus-mobile/node_modules/react-native-screens/android/src/main/java/com/swmansion/rnscreens/ScreenWindowTraits.kt:241:55 'var isNavigationBarTranslucent: Boolean?' is deprecated. For all apps targeting Android SDK 35 or above edge-to-edge is enabled by default.
w: file:///C:/Users/Harsue/Desktop/CODIGOS/Taurus-frontend/taurus-mobile/node_modules/react-native-screens/android/src/main/java/com/swmansion/rnscreens/ScreenWindowTraits.kt:283:13 'fun setColor(screen: Screen, activity: Activity?, context: ReactContext?): Unit' is deprecated. For apps targeting SDK 35 or above this prop has no effect because edge-to-edge is enabled by default and the status bar is always translucent.
w: file:///C:/Users/Harsue/Desktop/CODIGOS/Taurus-frontend/taurus-mobile/node_modules/react-native-screens/android/src/main/java/com/swmansion/rnscreens/ScreenWindowTraits.kt:285:13 'fun setTranslucent(screen: Screen, activity: Activity?, context: ReactContext?): Unit' is deprecated. For apps targeting SDK 35 or above this prop has no effect because edge-to-edge is enabled by default and the status bar is always translucent.
w: file:///C:/Users/Harsue/Desktop/CODIGOS/Taurus-frontend/taurus-mobile/node_modules/react-native-screens/android/src/main/java/com/swmansion/rnscreens/ScreenWindowTraits.kt:289:13 'fun setNavigationBarColor(screen: Screen, activity: Activity?): Unit' is deprecated. For all apps targeting Android SDK 35 or above edge-to-edge is enabled by default.
w: file:///C:/Users/Harsue/Desktop/CODIGOS/Taurus-frontend/taurus-mobile/node_modules/react-native-screens/android/src/main/java/com/swmansion/rnscreens/ScreenWindowTraits.kt:290:13 'fun setNavigationBarTranslucent(screen: Screen, activity: Activity?): Unit' is deprecated. For all apps targeting Android SDK 35 or above edge-to-edge is enabled by default.
w: file:///C:/Users/Harsue/Desktop/CODIGOS/Taurus-frontend/taurus-mobile/node_modules/react-native-screens/android/src/main/java/com/swmansion/rnscreens/ScreenWindowTraits.kt:354:42 'var statusBarColor: Int?' is deprecated. For apps targeting SDK 35 or above this prop has no effect because edge-to-edge is enabled by default and the status bar is always translucent.
w: file:///C:/Users/Harsue/Desktop/CODIGOS/Taurus-frontend/taurus-mobile/node_modules/react-native-screens/android/src/main/java/com/swmansion/rnscreens/ScreenWindowTraits.kt:356:48 'var isStatusBarTranslucent: Boolean?' is deprecated. For apps targeting SDK 35 or above this prop has no effect because edge-to-edge is enabled by default and the status bar is always translucent.
w: file:///C:/Users/Harsue/Desktop/CODIGOS/Taurus-frontend/taurus-mobile/node_modules/react-native-screens/android/src/main/java/com/swmansion/rnscreens/ScreenWindowTraits.kt:359:57 'var navigationBarColor: Int?' is deprecated. For all apps targeting Android SDK 35 or above edge-to-edge is enabled by default.
w: file:///C:/Users/Harsue/Desktop/CODIGOS/Taurus-frontend/taurus-mobile/node_modules/react-native-screens/android/src/main/java/com/swmansion/rnscreens/ScreenWindowTraits.kt:360:63 'var isNavigationBarTranslucent: Boolean?' is deprecated. For all apps targeting Android SDK 35 or above edge-to-edge is enabled by default.
w: file:///C:/Users/Harsue/Desktop/CODIGOS/Taurus-frontend/taurus-mobile/node_modules/react-native-screens/android/src/main/java/com/swmansion/rnscreens/bottomsheet/BottomSheetDialogRootView.kt:7:8 'object ReactFeatureFlags : Any' is deprecated. Use com.facebook.react.internal.featureflags.ReactNativeFeatureFlags instead.
w: file:///C:/Users/Harsue/Desktop/CODIGOS/Taurus-frontend/taurus-mobile/node_modules/react-native-screens/android/src/main/java/com/swmansion/rnscreens/bottomsheet/BottomSheetDialogRootView.kt:25:13 'object ReactFeatureFlags : Any' is deprecated. Use com.facebook.react.internal.featureflags.ReactNativeFeatureFlags instead.
w: file:///C:/Users/Harsue/Desktop/CODIGOS/Taurus-frontend/taurus-mobile/node_modules/react-native-screens/android/src/main/java/com/swmansion/rnscreens/bottomsheet/BottomSheetDialogRootView.kt:32:9 The corresponding parameter in the supertype 'ReactViewGroup' is named 'left'. This may cause problems when calling this function with named arguments.
w: file:///C:/Users/Harsue/Desktop/CODIGOS/Taurus-frontend/taurus-mobile/node_modules/react-native-screens/android/src/main/java/com/swmansion/rnscreens/bottomsheet/BottomSheetDialogRootView.kt:33:9 The corresponding parameter in the supertype 'ReactViewGroup' is named 'top'. This may cause problems when calling this function with named arguments.
w: file:///C:/Users/Harsue/Desktop/CODIGOS/Taurus-frontend/taurus-mobile/node_modules/react-native-screens/android/src/main/java/com/swmansion/rnscreens/bottomsheet/BottomSheetDialogRootView.kt:34:9 The corresponding parameter in the supertype 'ReactViewGroup' is named 'right'. This may cause problems when calling this function with named arguments.
w: file:///C:/Users/Harsue/Desktop/CODIGOS/Taurus-frontend/taurus-mobile/node_modules/react-native-screens/android/src/main/java/com/swmansion/rnscreens/bottomsheet/BottomSheetDialogRootView.kt:35:9 The corresponding parameter in the supertype 'ReactViewGroup' is named 'bottom'. This may cause problems when calling this function with named arguments.
w: file:///C:/Users/Harsue/Desktop/CODIGOS/Taurus-frontend/taurus-mobile/node_modules/react-native-screens/android/src/main/java/com/swmansion/rnscreens/bottomsheet/BottomSheetDialogRootView.kt:71:9 The corresponding parameter in the supertype 'RootView' is named 'childView'. This may cause problems when calling this function with named arguments.
w: file:///C:/Users/Harsue/Desktop/CODIGOS/Taurus-frontend/taurus-mobile/node_modules/react-native-screens/android/src/main/java/com/swmansion/rnscreens/bottomsheet/BottomSheetDialogRootView.kt:72:9 The corresponding parameter in the supertype 'RootView' is named 'ev'. This may cause problems when calling this function with named arguments.
w: file:///C:/Users/Harsue/Desktop/CODIGOS/Taurus-frontend/taurus-mobile/node_modules/react-native-screens/android/src/main/java/com/swmansion/rnscreens/bottomsheet/BottomSheetDialogRootView.kt:79:46 The corresponding parameter in the supertype 'RootView' is named 'ev'. This may cause problems when calling this function with named arguments.
w: file:///C:/Users/Harsue/Desktop/CODIGOS/Taurus-frontend/taurus-mobile/node_modules/react-native-screens/android/src/main/java/com/swmansion/rnscreens/bottomsheet/BottomSheetDialogRootView.kt:83:9 The corresponding parameter in the supertype 'RootView' is named 'childView'. This may cause problems when calling this function with named arguments.
w: file:///C:/Users/Harsue/Desktop/CODIGOS/Taurus-frontend/taurus-mobile/node_modules/react-native-screens/android/src/main/java/com/swmansion/rnscreens/bottomsheet/BottomSheetDialogRootView.kt:84:9 The corresponding parameter in the supertype 'RootView' is named 'ev'. This may cause problems when calling this function with named arguments.
w: file:///C:/Users/Harsue/Desktop/CODIGOS/Taurus-frontend/taurus-mobile/node_modules/react-native-screens/android/src/main/java/com/swmansion/rnscreens/bottomsheet/BottomSheetDialogRootView.kt:95:34 The corresponding parameter in the supertype 'RootView' is named 't'. This may cause problems when calling this function with named arguments.
w: file:///C:/Users/Harsue/Desktop/CODIGOS/Taurus-frontend/taurus-mobile/node_modules/react-native-screens/android/src/main/java/com/swmansion/rnscreens/bottomsheet/DimmingView.kt:63:9 The corresponding parameter in the supertype 'ReactCompoundView' is named 'touchX'. This may cause problems when calling this function with named arguments.
w: file:///C:/Users/Harsue/Desktop/CODIGOS/Taurus-frontend/taurus-mobile/node_modules/react-native-screens/android/src/main/java/com/swmansion/rnscreens/bottomsheet/DimmingView.kt:64:9 The corresponding parameter in the supertype 'ReactCompoundView' is named 'touchY'. This may cause problems when calling this function with named arguments.
w: file:///C:/Users/Harsue/Desktop/CODIGOS/Taurus-frontend/taurus-mobile/node_modules/react-native-screens/android/src/main/java/com/swmansion/rnscreens/bottomsheet/DimmingView.kt:68:9 The corresponding parameter in the supertype 'ReactCompoundViewGroup' is named 'touchX'. This may cause problems when calling this function with named arguments.
w: file:///C:/Users/Harsue/Desktop/CODIGOS/Taurus-frontend/taurus-mobile/node_modules/react-native-screens/android/src/main/java/com/swmansion/rnscreens/bottomsheet/DimmingView.kt:69:9 The corresponding parameter in the supertype 'ReactCompoundViewGroup' is named 'touchY'. This may cause problems when calling this function with named arguments.
w: file:///C:/Users/Harsue/Desktop/CODIGOS/Taurus-frontend/taurus-mobile/node_modules/react-native-screens/android/src/main/java/com/swmansion/rnscreens/gamma/tabs/TabsHostViewManager.kt:37:9 The corresponding parameter in the supertype 'TabsHostViewManager' is named 'view'. This may cause problems when calling this function with named arguments.

> Task :react-native-safe-area-context:compileDebugKotlin
w: file:///C:/Users/Harsue/Desktop/CODIGOS/Taurus-frontend/taurus-mobile/node_modules/react-native-safe-area-context/android/src/main/java/com/th3rdwave/safeareacontext/SafeAreaView.kt:59:23 'val uiImplementation: UIImplementation!' is deprecated. Deprecated in Java.

> Task :react-native-reanimated:buildCMakeDebug[arm64-v8a][reanimated]
> Task :react-native-worklets:copyDebugJniLibsProjectOnly
> Task :react-native-reanimated:externalNativeBuildDebug
> Task :react-native-reanimated:prefabDebugPackage
> Task :react-native-gesture-handler:configureCMakeDebug[arm64-v8a]

> Task :expo-modules-core:compileDebugKotlin
w: file:///C:/Users/Harsue/Desktop/CODIGOS/Taurus-frontend/taurus-mobile/node_modules/expo-modules-core/android/src/main/java/expo/modules/adapters/react/apploader/RNHeadlessAppLoader.kt:48:87 'val reactNativeHost: ReactNativeHost' is deprecated. You should not use ReactNativeHost directly in the New Architecture. Use ReactHost instead.
w: file:///C:/Users/Harsue/Desktop/CODIGOS/Taurus-frontend/taurus-mobile/node_modules/expo-modules-core/android/src/main/java/expo/modules/adapters/react/apploader/RNHeadlessAppLoader.kt:91:85 'val reactNativeHost: ReactNativeHost' is deprecated. You should not use ReactNativeHost directly in the New Architecture. Use ReactHost instead.
w: file:///C:/Users/Harsue/Desktop/CODIGOS/Taurus-frontend/taurus-mobile/node_modules/expo-modules-core/android/src/main/java/expo/modules/adapters/react/apploader/RNHeadlessAppLoader.kt:120:83 'val reactNativeHost: ReactNativeHost' is deprecated. You should not use ReactNativeHost directly in the New Architecture. Use ReactHost instead.
w: file:///C:/Users/Harsue/Desktop/CODIGOS/Taurus-frontend/taurus-mobile/node_modules/expo-modules-core/android/src/main/java/expo/modules/apploader/AppLoaderProvider.kt:34:52 Unchecked cast of 'Class<*>!' to 'Class<out HeadlessAppLoader>'.
w: file:///C:/Users/Harsue/Desktop/CODIGOS/Taurus-frontend/taurus-mobile/node_modules/expo-modules-core/android/src/main/java/expo/modules/kotlin/AppContext.kt:30:8 'typealias ErrorManagerModule = JSLoggerModule' is deprecated. Use JSLoggerModule instead.
w: file:///C:/Users/Harsue/Desktop/CODIGOS/Taurus-frontend/taurus-mobile/node_modules/expo-modules-core/android/src/main/java/expo/modules/kotlin/AppContext.kt:253:21 'typealias ErrorManagerModule = JSLoggerModule' is deprecated. Use JSLoggerModule instead.
w: file:///C:/Users/Harsue/Desktop/CODIGOS/Taurus-frontend/taurus-mobile/node_modules/expo-modules-core/android/src/main/java/expo/modules/kotlin/AppContext.kt:343:21 'val DEFAULT: Int' is deprecated. UIManagerType.DEFAULT will be deleted in the next release of React Native. Use [LEGACY] instead.
w: file:///C:/Users/Harsue/Desktop/CODIGOS/Taurus-frontend/taurus-mobile/node_modules/expo-modules-core/android/src/main/java/expo/modules/kotlin/defaultmodules/NativeModulesProxyModule.kt:16:5 'fun Constants(legacyConstantsProvider: () -> Map<String, Any?>): Unit' is deprecated. Use `Constant` or `Property` instead.
w: file:///C:/Users/Harsue/Desktop/CODIGOS/Taurus-frontend/taurus-mobile/node_modules/expo-modules-core/android/src/main/java/expo/modules/kotlin/jni/PromiseImpl.kt:65:51 'val errorManager: JSLoggerModule?' is deprecated. Use AppContext.jsLogger instead.
w: file:///C:/Users/Harsue/Desktop/CODIGOS/Taurus-frontend/taurus-mobile/node_modules/expo-modules-core/android/src/main/java/expo/modules/kotlin/jni/PromiseImpl.kt:69:22 'fun reportExceptionToLogBox(codedException: CodedException): Unit' is deprecated. Use appContext.jsLogger.error(...) instead.
w: file:///C:/Users/Harsue/Desktop/CODIGOS/Taurus-frontend/taurus-mobile/node_modules/expo-modules-core/android/src/main/java/expo/modules/kotlin/views/ViewDefinitionBuilder.kt:464:16 'val errorManager: JSLoggerModule?' is deprecated. Use AppContext.jsLogger instead.
w: file:///C:/Users/Harsue/Desktop/CODIGOS/Taurus-frontend/taurus-mobile/node_modules/expo-modules-core/android/src/main/java/expo/modules/kotlin/views/ViewDefinitionBuilder.kt:464:30 'fun reportExceptionToLogBox(codedException: CodedException): Unit' is deprecated. Use appContext.jsLogger.error(...) instead.
w: file:///C:/Users/Harsue/Desktop/CODIGOS/Taurus-frontend/taurus-mobile/node_modules/expo-modules-core/android/src/main/java/expo/modules/kotlin/views/ViewManagerDefinition.kt:41:16 'val errorManager: JSLoggerModule?' is deprecated. Use AppContext.jsLogger instead.
w: file:///C:/Users/Harsue/Desktop/CODIGOS/Taurus-frontend/taurus-mobile/node_modules/expo-modules-core/android/src/main/java/expo/modules/kotlin/views/ViewManagerDefinition.kt:41:30 'fun reportExceptionToLogBox(codedException: CodedException): Unit' is deprecated. Use appContext.jsLogger.error(...) instead.

> Task :app:configureCMakeDebug[arm64-v8a]
> Task :react-native-gesture-handler:buildCMakeDebug[arm64-v8a]

> Task :react-native-gesture-handler:compileDebugKotlin
w: file:///C:/Users/Harsue/Desktop/CODIGOS/Taurus-frontend/taurus-mobile/node_modules/react-native-gesture-handler/android/src/main/java/com/swmansion/gesturehandler/react/RNGestureHandlerRootView.kt:41:43 The corresponding parameter in the supertype 'ReactViewGroup' is named 'ev'. This may cause problems when calling this function with named arguments.

> Task :react-native-gesture-handler:mergeDebugNativeLibs
> Task :react-native-gesture-handler:copyDebugJniLibsProjectOnly
> Task :react-native-svg:mergeDebugJniLibFolders
> Task :react-native-svg:mergeDebugNativeLibs NO-SOURCE
> Task :react-native-svg:copyDebugJniLibsProjectOnly
> Task :react-native-reanimated:extractDebugAnnotations
> Task :react-native-reanimated:mergeDebugGeneratedProguardFiles UP-TO-DATE
> Task :react-native-reanimated:mergeDebugConsumerProguardFiles
> Task :react-native-reanimated:syncDebugLibJars
> Task :react-native-svg:stripDebugDebugSymbols NO-SOURCE
> Task :react-native-svg:copyDebugJniLibsProjectAndLocalJars
> Task :react-native-svg:extractDebugAnnotations
> Task :react-native-svg:extractDeepLinksForAarDebug UP-TO-DATE
> Task :react-native-svg:mergeDebugGeneratedProguardFiles UP-TO-DATE
> Task :react-native-svg:mergeDebugConsumerProguardFiles
> Task :react-native-svg:prepareDebugArtProfile UP-TO-DATE
> Task :react-native-svg:prepareLintJarForPublish UP-TO-DATE
> Task :react-native-svg:mergeDebugJavaResource
> Task :react-native-svg:syncDebugLibJars
> Task :react-native-svg:bundleDebugAar
> Task :react-native-svg:assembleDebug
> Task :react-native-reanimated:mergeDebugNativeLibs
> Task :react-native-worklets:stripDebugDebugSymbols
> Task :react-native-reanimated:stripDebugDebugSymbols
> Task :react-native-reanimated:copyDebugJniLibsProjectOnly
> Task :react-native-worklets:copyDebugJniLibsProjectAndLocalJars
> Task :react-native-reanimated:copyDebugJniLibsProjectAndLocalJars
> Task :react-native-worklets:extractDebugAnnotations
> Task :react-native-worklets:extractDeepLinksForAarDebug UP-TO-DATE
> Task :react-native-worklets:mergeDebugGeneratedProguardFiles UP-TO-DATE
> Task :react-native-worklets:mergeDebugConsumerProguardFiles
> Task :react-native-worklets:prepareDebugArtProfile UP-TO-DATE
> Task :react-native-worklets:prepareLintJarForPublish UP-TO-DATE
> Task :react-native-worklets:mergeDebugJavaResource
> Task :react-native-worklets:syncDebugLibJars
> Task :react-native-safe-area-context:compileDebugJavaWithJavac
> Task :react-native-safe-area-context:bundleLibCompileToJarDebug
> Task :react-native-safe-area-context:bundleLibRuntimeToJarDebug
> Task :react-native-safe-area-context:processDebugJavaRes
> Task :react-native-safe-area-context:mergeDebugJniLibFolders
> Task :react-native-safe-area-context:mergeDebugNativeLibs NO-SOURCE
> Task :react-native-safe-area-context:copyDebugJniLibsProjectOnly
> Task :react-native-safe-area-context:stripDebugDebugSymbols NO-SOURCE
> Task :react-native-safe-area-context:copyDebugJniLibsProjectAndLocalJars
> Task :react-native-screens:compileDebugJavaWithJavac
> Task :react-native-safe-area-context:extractDebugAnnotations
> Task :react-native-safe-area-context:extractDeepLinksForAarDebug UP-TO-DATE
> Task :react-native-safe-area-context:mergeDebugGeneratedProguardFiles UP-TO-DATE
> Task :react-native-safe-area-context:mergeDebugConsumerProguardFiles UP-TO-DATE
> Task :react-native-safe-area-context:prepareDebugArtProfile UP-TO-DATE
> Task :react-native-safe-area-context:prepareLintJarForPublish UP-TO-DATE
> Task :react-native-safe-area-context:mergeDebugJavaResource
> Task :react-native-safe-area-context:syncDebugLibJars
> Task :react-native-safe-area-context:bundleDebugAar
> Task :react-native-safe-area-context:assembleDebug
> Task :react-native-screens:processDebugJavaRes
> Task :react-native-screens:bundleLibCompileToJarDebug
> Task :react-native-screens:bundleLibRuntimeToJarDebug
> Task :react-native-screens:configureCMakeDebug[arm64-v8a]
> Task :react-native-worklets:bundleDebugAar
> Task :react-native-worklets:assembleDebug

> Task :expo-modules-core:compileDebugJavaWithJavac
Note: Some input files use or override a deprecated API.
Note: Recompile with -Xlint:deprecation for details.

> Task :react-native-gesture-handler:compileDebugJavaWithJavac
> Task :react-native-gesture-handler:bundleLibCompileToJarDebug
> Task :react-native-gesture-handler:bundleLibRuntimeToJarDebug
> Task :expo-modules-core:processDebugJavaRes
> Task :react-native-gesture-handler:processDebugJavaRes
> Task :expo-modules-core:extractDebugAnnotations
> Task :expo-modules-core:extractDeepLinksForAarDebug UP-TO-DATE
> Task :expo-modules-core:mergeDebugGeneratedProguardFiles UP-TO-DATE
> Task :expo-modules-core:mergeDebugConsumerProguardFiles
> Task :expo-modules-core:prepareDebugArtProfile UP-TO-DATE
> Task :expo-modules-core:prepareLintJarForPublish UP-TO-DATE
> Task :expo-modules-core:mergeDebugJavaResource
> Task :expo-modules-core:bundleLibCompileToJarDebug
> Task :expo-modules-core:stripDebugDebugSymbols
> Task :react-native-gesture-handler:extractDebugAnnotations
> Task :react-native-gesture-handler:mergeDebugGeneratedProguardFiles UP-TO-DATE
> Task :react-native-gesture-handler:mergeDebugConsumerProguardFiles UP-TO-DATE
> Task :react-native-gesture-handler:mergeDebugJavaResource
> Task :react-native-gesture-handler:syncDebugLibJars
> Task :expo-modules-core:syncDebugLibJars
> Task :expo-dev-client:compileDebugKotlin NO-SOURCE
> Task :expo-modules-core:bundleLibRuntimeToJarDebug
> Task :expo-dev-client:compileDebugJavaWithJavac UP-TO-DATE
> Task :expo-dev-client:bundleLibCompileToJarDebug UP-TO-DATE
> Task :expo-json-utils:compileDebugKotlin UP-TO-DATE
> Task :expo-json-utils:compileDebugJavaWithJavac UP-TO-DATE
> Task :expo-json-utils:bundleLibCompileToJarDebug UP-TO-DATE
> Task :expo-dev-menu-interface:compileDebugKotlin UP-TO-DATE
> Task :expo-dev-menu-interface:compileDebugJavaWithJavac UP-TO-DATE
> Task :expo-dev-menu-interface:bundleLibCompileToJarDebug UP-TO-DATE
> Task :expo-constants:compileDebugKotlin UP-TO-DATE
> Task :expo-constants:compileDebugJavaWithJavac UP-TO-DATE
> Task :expo-constants:bundleLibCompileToJarDebug UP-TO-DATE
> Task :expo-constants:bundleLibRuntimeToJarDebug UP-TO-DATE
> Task :expo-dev-client:bundleLibRuntimeToJarDebug UP-TO-DATE
> Task :expo-dev-menu-interface:bundleLibRuntimeToJarDebug UP-TO-DATE
> Task :expo-json-utils:bundleLibRuntimeToJarDebug UP-TO-DATE
> Task :expo-manifests:compileDebugKotlin UP-TO-DATE
> Task :expo-manifests:compileDebugJavaWithJavac UP-TO-DATE
> Task :expo-manifests:bundleLibCompileToJarDebug UP-TO-DATE
> Task :expo-updates-interface:compileDebugKotlin UP-TO-DATE
> Task :expo-updates-interface:compileDebugJavaWithJavac UP-TO-DATE
> Task :expo-updates-interface:bundleLibCompileToJarDebug UP-TO-DATE
> Task :expo-manifests:bundleLibRuntimeToJarDebug UP-TO-DATE
> Task :expo-updates-interface:bundleLibRuntimeToJarDebug UP-TO-DATE
> Task :expo-constants:processDebugJavaRes UP-TO-DATE
> Task :expo-dev-client:processDebugJavaRes NO-SOURCE
> Task :expo-dev-menu-interface:processDebugJavaRes UP-TO-DATE
> Task :react-native-screens:buildCMakeDebug[arm64-v8a]
> Task :expo-manifests:processDebugJavaRes UP-TO-DATE
> Task :expo-json-utils:processDebugJavaRes UP-TO-DATE
> Task :expo-updates-interface:processDebugJavaRes UP-TO-DATE
> Task :react-native-screens:mergeDebugJniLibFolders
> Task :expo-constants:extractDebugAnnotations UP-TO-DATE
> Task :expo-constants:mergeDebugGeneratedProguardFiles UP-TO-DATE
> Task :expo-constants:mergeDebugConsumerProguardFiles UP-TO-DATE
> Task :expo-constants:mergeDebugJavaResource UP-TO-DATE
> Task :expo-dev-menu:compileDebugKotlin UP-TO-DATE
> Task :expo-constants:syncDebugLibJars UP-TO-DATE
> Task :expo-dev-menu:compileDebugJavaWithJavac UP-TO-DATE
> Task :expo-dev-menu:bundleLibCompileToJarDebug UP-TO-DATE
> Task :expo-constants:bundleDebugAar UP-TO-DATE
> Task :expo-dev-menu:bundleLibRuntimeToJarDebug UP-TO-DATE
> Task :expo-dev-menu:processDebugJavaRes UP-TO-DATE
> Task :expo-constants:assembleDebug UP-TO-DATE
> Task :expo-dev-client:extractDebugAnnotations UP-TO-DATE
> Task :expo-dev-client:mergeDebugGeneratedProguardFiles UP-TO-DATE
> Task :react-native-screens:mergeDebugNativeLibs
> Task :expo-dev-client:mergeDebugConsumerProguardFiles UP-TO-DATE
> Task :expo-dev-client:mergeDebugJavaResource UP-TO-DATE
> Task :expo-dev-client:syncDebugLibJars UP-TO-DATE
> Task :react-native-screens:copyDebugJniLibsProjectOnly
> Task :expo-dev-client:bundleDebugAar UP-TO-DATE
> Task :expo-dev-client:assembleDebug UP-TO-DATE
> Task :expo-dev-menu:extractDebugAnnotations UP-TO-DATE
> Task :expo-dev-menu-interface:extractDebugAnnotations UP-TO-DATE
> Task :expo-dev-menu:mergeDebugGeneratedProguardFiles UP-TO-DATE
> Task :expo-dev-menu:mergeDebugConsumerProguardFiles UP-TO-DATE
> Task :expo-dev-menu-interface:mergeDebugGeneratedProguardFiles UP-TO-DATE
> Task :expo-dev-menu-interface:mergeDebugConsumerProguardFiles UP-TO-DATE
> Task :expo-dev-menu:mergeDebugJavaResource UP-TO-DATE
> Task :expo-dev-menu-interface:mergeDebugJavaResource UP-TO-DATE
> Task :expo-dev-menu-interface:syncDebugLibJars UP-TO-DATE
> Task :expo-dev-menu-interface:bundleDebugAar UP-TO-DATE
> Task :expo-dev-menu-interface:assembleDebug UP-TO-DATE
> Task :expo-json-utils:extractDebugAnnotations UP-TO-DATE
> Task :expo-json-utils:mergeDebugGeneratedProguardFiles UP-TO-DATE
> Task :expo-json-utils:mergeDebugConsumerProguardFiles UP-TO-DATE
> Task :expo-json-utils:mergeDebugJavaResource UP-TO-DATE
> Task :expo-json-utils:syncDebugLibJars UP-TO-DATE
> Task :expo-json-utils:bundleDebugAar UP-TO-DATE
> Task :expo-json-utils:assembleDebug UP-TO-DATE
> Task :expo-dev-menu:syncDebugLibJars UP-TO-DATE
> Task :expo-dev-menu:bundleDebugAar UP-TO-DATE
> Task :expo-dev-menu:assembleDebug UP-TO-DATE
> Task :expo-manifests:extractDebugAnnotations UP-TO-DATE
> Task :expo-manifests:mergeDebugGeneratedProguardFiles UP-TO-DATE
> Task :expo-manifests:mergeDebugConsumerProguardFiles UP-TO-DATE
> Task :expo-manifests:mergeDebugJavaResource UP-TO-DATE
> Task :expo-manifests:syncDebugLibJars UP-TO-DATE
> Task :expo-manifests:bundleDebugAar UP-TO-DATE
> Task :expo-manifests:assembleDebug UP-TO-DATE
> Task :expo-updates-interface:extractDebugAnnotations UP-TO-DATE
> Task :expo-updates-interface:mergeDebugGeneratedProguardFiles UP-TO-DATE
> Task :expo-updates-interface:mergeDebugConsumerProguardFiles UP-TO-DATE
> Task :expo-updates-interface:mergeDebugJavaResource UP-TO-DATE
> Task :expo-updates-interface:syncDebugLibJars UP-TO-DATE
> Task :expo-updates-interface:bundleDebugAar UP-TO-DATE
> Task :expo-updates-interface:assembleDebug UP-TO-DATE
> Task :expo-modules-core:copyDebugJniLibsProjectAndLocalJars
> Task :react-native-gesture-handler:stripDebugDebugSymbols
> Task :react-native-gesture-handler:copyDebugJniLibsProjectAndLocalJars
> Task :expo-dev-launcher:compileDebugKotlin UP-TO-DATE
> Task :expo-dev-launcher:compileDebugJavaWithJavac UP-TO-DATE
> Task :expo-dev-launcher:bundleLibCompileToJarDebug UP-TO-DATE
> Task :react-native-gesture-handler:bundleDebugAar
> Task :react-native-gesture-handler:assembleDebug
> Task :expo-dev-launcher:bundleLibRuntimeToJarDebug UP-TO-DATE
> Task :expo-dev-launcher:processDebugJavaRes UP-TO-DATE
> Task :expo-dev-launcher:extractDebugAnnotations UP-TO-DATE
> Task :expo-dev-launcher:mergeDebugGeneratedProguardFiles UP-TO-DATE
> Task :expo-dev-launcher:mergeDebugConsumerProguardFiles UP-TO-DATE
> Task :expo-dev-launcher:mergeDebugJavaResource UP-TO-DATE
> Task :expo-dev-launcher:syncDebugLibJars UP-TO-DATE
> Task :expo-dev-launcher:bundleDebugAar UP-TO-DATE
> Task :expo-dev-launcher:assembleDebug UP-TO-DATE
> Task :react-native-screens:extractDebugAnnotations
> Task :react-native-screens:extractDeepLinksForAarDebug UP-TO-DATE
> Task :react-native-screens:mergeDebugGeneratedProguardFiles UP-TO-DATE
> Task :react-native-screens:mergeDebugConsumerProguardFiles UP-TO-DATE
> Task :expo:compileDebugKotlin UP-TO-DATE
> Task :react-native-screens:prepareDebugArtProfile UP-TO-DATE
> Task :react-native-screens:prepareLintJarForPublish UP-TO-DATE
> Task :expo-modules-core:bundleDebugAar
> Task :expo-modules-core:assembleDebug
> Task :expo:compileDebugJavaWithJavac UP-TO-DATE
> Task :expo:bundleLibCompileToJarDebug UP-TO-DATE
> Task :expo:bundleLibRuntimeToJarDebug UP-TO-DATE
> Task :expo:processDebugJavaRes UP-TO-DATE
> Task :expo:extractDebugAnnotations UP-TO-DATE
> Task :react-native-screens:mergeDebugJavaResource
> Task :expo:mergeDebugGeneratedProguardFiles UP-TO-DATE
> Task :expo:mergeDebugConsumerProguardFiles UP-TO-DATE
> Task :expo:mergeDebugJavaResource UP-TO-DATE
> Task :expo:syncDebugLibJars UP-TO-DATE
> Task :expo:bundleDebugAar UP-TO-DATE
> Task :expo:assembleDebug UP-TO-DATE
> Task :react-native-screens:syncDebugLibJars
> Task :react-native-screens:stripDebugDebugSymbols
> Task :react-native-screens:copyDebugJniLibsProjectAndLocalJars
> Task :react-native-screens:bundleDebugAar
> Task :react-native-screens:assembleDebug
> Task :react-native-reanimated:bundleDebugAar
> Task :react-native-reanimated:assembleDebug
> Task :app:mergeLibDexDebug

> Task :app:compileDebugKotlin
w: file:///C:/Users/Harsue/trs/android/app/src/main/java/com/devharsue/taurusmobile/MainApplication.kt:9:8 'class ReactNativeHost : Any' is deprecated. Deprecated in Java.
w: file:///C:/Users/Harsue/trs/android/app/src/main/java/com/devharsue/taurusmobile/MainApplication.kt:21:16 This declaration overrides a deprecated member but is not marked as deprecated itself. Add the '@Deprecated' annotation or suppress the diagnostic.
w: file:///C:/Users/Harsue/trs/android/app/src/main/java/com/devharsue/taurusmobile/MainApplication.kt:21:33 'class ReactNativeHost : Any' is deprecated. Deprecated in Java.

> Task :app:buildCMakeDebug[arm64-v8a]
> Task :app:compileDebugJavaWithJavac
> Task :app:processDebugJavaRes
> Task :app:mergeDebugJniLibFolders
> Task :app:transformDebugClassesWithAsm
> Task :app:dexBuilderDebug
> Task :app:validateSigningDebug
> Task :app:writeDebugAppMetadata
> Task :app:writeDebugSigningConfigVersions
> Task :app:mergeDebugGlobalSynthetics
> Task :app:mergeProjectDexDebug
> Task :app:mergeDebugJavaResource
> Task :app:mergeDebugNativeLibs
> Task :app:stripDebugDebugSymbols
> Task :app:packageDebug
> Task :app:createDebugApkListingFileRedirect
> Task :app:assembleDebug

[Incubating] Problems report is available at: file:///C:/Users/Harsue/trs/android/build/reports/problems/problems-report.html

Deprecated Gradle features were used in this build, making it incompatible with Gradle 9.0.

You can use '--warning-mode all' to show the individual deprecation warnings and determine if they come from your own scripts or plugins.

For more on this, please refer to https://docs.gradle.org/8.14.3/userguide/command_line_interface.html#sec:command_line_warnings in the Gradle documentation.

BUILD SUCCESSFUL in 6m 28s
595 actionable tasks: 260 executed, 335 up-to-date
