env: load .env
env: export EXPO_PUBLIC_API_HOST EXPO_PUBLIC_API_PORT
Starting project at C:\Users\Harsue\trs
Starting Metro Bundler
warning: Bundler cache is empty, rebuilding (this may take a minute)
Waiting on http://localhost:8081
Logs for your project will appear below.
Android .\index.ts ░░░░░░░░░░░░░░░░  0.0% (0/1)
Android .\index.ts ▓░░░░░░░░░░░░░░░ 11.1% (19/69)
Android .\index.ts ▓▓░░░░░░░░░░░░░░ 18.0% ( 82/203)
Android .\index.ts ▓▓▓▓░░░░░░░░░░░░ 27.5% (186/355)
Android .\index.ts ▓▓▓▓▓▓▓░░░░░░░░░ 44.2% (438/699)
Android .\index.ts ▓▓▓▓▓▓▓▓░░░░░░░░ 52.1% (596/826)
Android .\index.ts ▓▓▓▓▓▓▓▓▓░░░░░░░ 61.0% (770/989)
Android .\index.ts ▓▓▓▓▓▓▓▓▓░░░░░░░ 62.0% ( 932/2830)
Android .\index.ts ▓▓▓▓▓▓▓▓▓░░░░░░░ 62.0% (1426/2894)
Android .\index.ts ▓▓▓▓▓▓▓▓▓▓░░░░░░ 64.4% (2322/2894)
Android .\index.ts ▓▓▓▓▓▓▓▓▓▓▓▓▓▓░░ 89.6% (2756/2921)
Android .\index.ts ▓▓▓▓▓▓▓▓▓▓▓▓▓▓░░ 90.8% (2940/3162)
Android .\index.ts ▓▓▓▓▓▓▓▓▓▓▓▓▓▓▓░ 96.1% (3210/3357)
Android .\index.ts ▓▓▓▓▓▓▓▓▓▓▓▓▓▓▓░ 98.7% (3485/3526)
Android Bundled 48520ms index.ts (3652 modules)
Web .\index.ts ░░░░░░░░░░░░░░░░  0.0% (0/1)
Web .\index.ts ▓▓▓▓▓▓░░░░░░░░░░ 39.3% (185/295)
Web .\index.ts ▓▓▓▓▓▓▓░░░░░░░░░ 47.0% (417/619)
Web .\index.ts ▓▓▓▓▓▓▓░░░░░░░░░ 48.2% ( 606/2502)
Web .\index.ts ▓▓▓▓▓▓▓░░░░░░░░░ 48.2% ( 855/2600)
Web .\index.ts ▓▓▓▓▓▓▓░░░░░░░░░ 48.2% (1448/2600)
Web .\index.ts ▓▓▓▓▓▓▓▓▓░░░░░░░ 59.0% (2007/2612)
Web .\index.ts ▓▓▓▓▓▓▓▓▓▓▓▓░░░░ 79.3% (2389/2683)
Web .\index.ts ▓▓▓▓▓▓▓▓▓▓▓▓▓░░░ 86.8% (2622/2814)
Web .\index.ts ▓▓▓▓▓▓▓▓▓▓▓▓▓▓▓░ 98.2% (2946/2973)
Web Bundled 33004ms index.ts (3018 modules)
 LOG  [web] Logs will appear in the browser console
